# JRE version: OpenJDK Runtime Environment (11.0.8+10) (build 11.0.8+10-post-Ubuntu-0ubuntu120.04)
# Java VM: OpenJDK 64-Bit Server VM (11.0.8+10-post-Ubuntu-0ubuntu120.04, mixed mode, sharing, tiered, compressed oops, g1 gc, linux-amd64)
Heap:
 garbage-first heap   total 17408K, used 8121K [0x0000000085400000, 0x0000000100000000)
  region size 1024K, 3 young (3072K), 0 survivors (0K)
 Metaspace       used 3595K, capacity 5353K, committed 5504K, reserved 1056768K
  class space    used 350K, capacity 572K, committed 640K, reserved 1048576K
GC Heap History (20 events):
Event: 3,161 GC heap before
{Heap before GC invocations=3 (full 1):
 garbage-first heap   total 17408K, used 6822K [0x0000000085400000, 0x0000000100000000)
  region size 1024K, 5 young (5120K), 1 survivors (1024K)
 Metaspace       used 2022K, capacity 4824K, committed 5120K, reserved 1056768K
  class space    used 179K, capacity 451K, committed 512K, reserved 1048576K
}
Event: 3,162 GC heap after
{Heap after GC invocations=4 (full 1):
 garbage-first heap   total 17408K, used 3120K [0x0000000085400000, 0x0000000100000000)
  region size 1024K, 1 young (1024K), 1 survivors (1024K)
 Metaspace       used 2022K, capacity 4824K, committed 5120K, reserved 1056768K
  class space    used 179K, capacity 451K, committed 512K, reserved 1048576K
}
Event: 3,172 GC heap before
{Heap before GC invocations=4 (full 1):
 garbage-first heap   total 17408K, used 7216K [0x0000000085400000, 0x0000000100000000)
  region size 1024K, 5 young (5120K), 1 survivors (1024K)
 Metaspace       used 2029K, capacity 4824K, committed 5120K, reserved 1056768K
  class space    used 179K, capacity 451K, committed 512K, reserved 1048576K
}
Event: 3,174 GC heap after
{Heap after GC invocations=5 (full 1):
 garbage-first heap   total 17408K, used 3521K [0x0000000085400000, 0x0000000100000000)
  region size 1024K, 1 young (1024K), 1 survivors (1024K)
 Metaspace       used 2029K, capacity 4824K, committed 5120K, reserved 1056768K
  class space    used 179K, capacity 451K, committed 512K, reserved 1048576K
}
Event: 3,189 GC heap before
{Heap before GC invocations=5 (full 1):
 garbage-first heap   total 17408K, used 7617K [0x0000000085400000, 0x0000000100000000)
  region size 1024K, 5 young (5120K), 1 survivors (1024K)
 Metaspace       used 2035K, capacity 4824K, committed 5120K, reserved 1056768K
  class space    used 179K, capacity 451K, committed 512K, reserved 1048576K
}
Event: 3,191 GC heap after
{Heap after GC invocations=6 (full 1):
 garbage-first heap   total 17408K, used 3857K [0x0000000085400000, 0x0000000100000000)
  region size 1024K, 1 young (1024K), 1 survivors (1024K)
 Metaspace       used 2035K, capacity 4824K, committed 5120K, reserved 1056768K
  class space    used 179K, capacity 451K, committed 512K, reserved 1048576K
}
Event: 3,202 GC heap before
{Heap before GC invocations=6 (full 1):
 garbage-first heap   total 17408K, used 7953K [0x0000000085400000, 0x0000000100000000)
  region size 1024K, 5 young (5120K), 1 survivors (1024K)
 Metaspace       used 2035K, capacity 4824K, committed 5120K, reserved 1056768K
  class space    used 179K, capacity 451K, committed 512K, reserved 1048576K
}
Event: 3,204 GC heap after
{Heap after GC invocations=7 (full 1):
 garbage-first heap   total 17408K, used 4298K [0x0000000085400000, 0x0000000100000000)
  region size 1024K, 1 young (1024K), 1 survivors (1024K)
 Metaspace       used 2035K, capacity 4824K, committed 5120K, reserved 1056768K
  class space    used 179K, capacity 451K, committed 512K, reserved 1048576K
}
Event: 3,214 GC heap before
{Heap before GC invocations=7 (full 1):
 garbage-first heap   total 17408K, used 8394K [0x0000000085400000, 0x0000000100000000)
  region size 1024K, 5 young (5120K), 1 survivors (1024K)
 Metaspace       used 2037K, capacity 4824K, committed 5120K, reserved 1056768K
  class space    used 179K, capacity 451K, committed 512K, reserved 1048576K
}
Event: 3,216 GC heap after
{Heap after GC invocations=8 (full 1):
 garbage-first heap   total 17408K, used 4727K [0x0000000085400000, 0x0000000100000000)
  region size 1024K, 1 young (1024K), 1 survivors (1024K)
 Metaspace       used 2037K, capacity 4824K, committed 5120K, reserved 1056768K
  class space    used 179K, capacity 451K, committed 512K, reserved 1048576K
}
Event: 3,235 GC heap before
{Heap before GC invocations=8 (full 1):
 garbage-first heap   total 17408K, used 7799K [0x0000000085400000, 0x0000000100000000)
  region size 1024K, 4 young (4096K), 1 survivors (1024K)
 Metaspace       used 2052K, capacity 4824K, committed 5120K, reserved 1056768K
  class space    used 179K, capacity 451K, committed 512K, reserved 1048576K
}
Event: 3,239 GC heap after
{Heap after GC invocations=9 (full 1):
 garbage-first heap   total 17408K, used 4989K [0x0000000085400000, 0x0000000100000000)
  region size 1024K, 1 young (1024K), 1 survivors (1024K)
 Metaspace       used 2052K, capacity 4824K, committed 5120K, reserved 1056768K
  class space    used 179K, capacity 451K, committed 512K, reserved 1048576K
}
Event: 3,263 GC heap before
{Heap before GC invocations=10 (full 1):
 garbage-first heap   total 17408K, used 8061K [0x0000000085400000, 0x0000000100000000)
  region size 1024K, 4 young (4096K), 1 survivors (1024K)
 Metaspace       used 2077K, capacity 4824K, committed 5120K, reserved 1056768K
  class space    used 179K, capacity 451K, committed 512K, reserved 1048576K
}
Event: 3,266 GC heap after
{Heap after GC invocations=11 (full 1):
 garbage-first heap   total 17408K, used 5296K [0x0000000085400000, 0x0000000100000000)
  region size 1024K, 1 young (1024K), 1 survivors (1024K)
 Metaspace       used 2077K, capacity 4824K, committed 5120K, reserved 1056768K
  class space    used 179K, capacity 451K, committed 512K, reserved 1048576K
}
Event: 3,271 GC heap before
{Heap before GC invocations=11 (full 1):
 garbage-first heap   total 17408K, used 6320K [0x0000000085400000, 0x0000000100000000)
  region size 1024K, 2 young (2048K), 1 survivors (1024K)
 Metaspace       used 2078K, capacity 4824K, committed 5120K, reserved 1056768K
  class space    used 179K, capacity 451K, committed 512K, reserved 1048576K
}
Event: 3,274 GC heap after
{Heap after GC invocations=12 (full 1):
 garbage-first heap   total 17408K, used 5349K [0x0000000085400000, 0x0000000100000000)
  region size 1024K, 1 young (1024K), 1 survivors (1024K)
 Metaspace       used 2078K, capacity 4824K, committed 5120K, reserved 1056768K
  class space    used 179K, capacity 451K, committed 512K, reserved 1048576K
}
Event: 3,282 GC heap before
{Heap before GC invocations=12 (full 1):
 garbage-first heap   total 17408K, used 8421K [0x0000000085400000, 0x0000000100000000)
  region size 1024K, 4 young (4096K), 1 survivors (1024K)
 Metaspace       used 2082K, capacity 4825K, committed 5120K, reserved 1056768K
  class space    used 179K, capacity 451K, committed 512K, reserved 1048576K
}
Event: 3,283 GC heap after
{Heap after GC invocations=13 (full 1):
 garbage-first heap   total 17408K, used 5788K [0x0000000085400000, 0x0000000100000000)
  region size 1024K, 1 young (1024K), 1 survivors (1024K)
 Metaspace       used 2082K, capacity 4825K, committed 5120K, reserved 1056768K
  class space    used 179K, capacity 451K, committed 512K, reserved 1048576K
}
Event: 3,520 GC heap before
{Heap before GC invocations=13 (full 1):
 garbage-first heap   total 17408K, used 6812K [0x0000000085400000, 0x0000000100000000)
  region size 1024K, 3 young (3072K), 1 survivors (1024K)
 Metaspace       used 2555K, capacity 5059K, committed 5120K, reserved 1056768K
  class space    used 237K, capacity 489K, committed 512K, reserved 1048576K
}
Event: 3,538 GC heap after
{Heap after GC invocations=14 (full 2):
 garbage-first heap   total 17408K, used 6073K [0x0000000085400000, 0x0000000100000000)
  region size 1024K, 0 young (0K), 0 survivors (0K)
 Metaspace       used 2555K, capacity 5059K, committed 5120K, reserved 1056768K
  class space    used 237K, capacity 489K, committed 512K, reserved 1048576K
}

